# JRE version: OpenJDK Runtime Environment Temurin-17.0.8.1+1 (17.0.8.1+1) (build 17.0.8.1+1)
# Java VM: OpenJDK 64-Bit Server VM Temurin-17.0.8.1+1 (17.0.8.1+1, mixed mode, tiered, compressed oops, compressed class ptrs, g1 gc, windows-amd64)
GC Precious Log:
 CPUs: 8 total, 8 available
 Memory: 6082M
 Large Page Support: Disabled
 NUMA Support: Disabled
 Compressed Oops: Enabled (32-bit)
 Heap Region Size: 1M
 Heap Min Capacity: 8M
 Heap Initial Capacity: 96M
 Heap Max Capacity: 1522M
 Pre-touch: Disabled
 Parallel Workers: 8
 Concurrent Workers: 2
 Concurrent Refinement Workers: 8
 Periodic GC: Disabled
Heap:
 garbage-first heap   total 101376K, used 72258K [0x00000000a0e00000, 0x0000000100000000)
  region size 1024K, 26 young (26624K), 1 survivors (1024K)
 Metaspace       used 44520K, committed 44928K, reserved 1114112K
  class space    used 4806K, committed 4992K, reserved 1048576K
GC Heap History (20 events):
Event: 6.441 GC heap before
{Heap before GC invocations=11 (full 0):
 garbage-first heap   total 58368K, used 35478K [0x00000000a0e00000, 0x0000000100000000)
  region size 1024K, 3 young (3072K), 2 survivors (2048K)
 Metaspace       used 27291K, committed 27520K, reserved 1114112K
  class space    used 2902K, committed 3008K, reserved 1048576K
}
Event: 6.445 GC heap after
{Heap after GC invocations=12 (full 0):
 garbage-first heap   total 58368K, used 35516K [0x00000000a0e00000, 0x0000000100000000)
  region size 1024K, 2 young (2048K), 2 survivors (2048K)
 Metaspace       used 27291K, committed 27520K, reserved 1114112K
  class space    used 2902K, committed 3008K, reserved 1048576K
}
Event: 6.786 GC heap before
{Heap before GC invocations=13 (full 0):
 garbage-first heap   total 83968K, used 60092K [0x00000000a0e00000, 0x0000000100000000)
  region size 1024K, 14 young (14336K), 2 survivors (2048K)
 Metaspace       used 27798K, committed 27968K, reserved 1114112K
  class space    used 2944K, committed 3008K, reserved 1048576K
}
Event: 6.792 GC heap after
{Heap after GC invocations=14 (full 0):
 garbage-first heap   total 83968K, used 15674K [0x00000000a0e00000, 0x0000000100000000)
  region size 1024K, 2 young (2048K), 2 survivors (2048K)
 Metaspace       used 27798K, committed 27968K, reserved 1114112K
  class space    used 2944K, committed 3008K, reserved 1048576K
}
Event: 8.180 GC heap before
{Heap before GC invocations=14 (full 0):
 garbage-first heap   total 83968K, used 65850K [0x00000000a0e00000, 0x0000000100000000)
  region size 1024K, 48 young (49152K), 2 survivors (2048K)
 Metaspace       used 35369K, committed 35648K, reserved 1114112K
  class space    used 3842K, committed 3968K, reserved 1048576K
}
Event: 8.196 GC heap after
{Heap after GC invocations=15 (full 0):
 garbage-first heap   total 83968K, used 27913K [0x00000000a0e00000, 0x0000000100000000)
  region size 1024K, 6 young (6144K), 6 survivors (6144K)
 Metaspace       used 35369K, committed 35648K, reserved 1114112K
  class space    used 3842K, committed 3968K, reserved 1048576K
}
Event: 9.246 GC heap before
{Heap before GC invocations=15 (full 0):
 garbage-first heap   total 83968K, used 57609K [0x00000000a0e00000, 0x0000000100000000)
  region size 1024K, 36 young (36864K), 6 survivors (6144K)
 Metaspace       used 36798K, committed 37120K, reserved 1114112K
  class space    used 3992K, committed 4160K, reserved 1048576K
}
Event: 9.264 GC heap after
{Heap after GC invocations=16 (full 0):
 garbage-first heap   total 83968K, used 33228K [0x00000000a0e00000, 0x0000000100000000)
  region size 1024K, 5 young (5120K), 5 survivors (5120K)
 Metaspace       used 36798K, committed 37120K, reserved 1114112K
  class space    used 3992K, committed 4160K, reserved 1048576K
}
Event: 10.159 GC heap before
{Heap before GC invocations=16 (full 0):
 garbage-first heap   total 83968K, used 60876K [0x00000000a0e00000, 0x0000000100000000)
  region size 1024K, 33 young (33792K), 5 survivors (5120K)
 Metaspace       used 38230K, committed 38592K, reserved 1114112K
  class space    used 4173K, committed 4352K, reserved 1048576K
}
Event: 10.169 GC heap after
{Heap after GC invocations=17 (full 0):
 garbage-first heap   total 101376K, used 34550K [0x00000000a0e00000, 0x0000000100000000)
  region size 1024K, 1 young (1024K), 1 survivors (1024K)
 Metaspace       used 38230K, committed 38592K, reserved 1114112K
  class space    used 4173K, committed 4352K, reserved 1048576K
}
Event: 11.355 GC heap before
{Heap before GC invocations=17 (full 0):
 garbage-first heap   total 101376K, used 74486K [0x00000000a0e00000, 0x0000000100000000)
  region size 1024K, 39 young (39936K), 1 survivors (1024K)
 Metaspace       used 39933K, committed 40320K, reserved 1114112K
  class space    used 4329K, committed 4480K, reserved 1048576K
}
Event: 11.373 GC heap after
{Heap after GC invocations=18 (full 0):
 garbage-first heap   total 101376K, used 38197K [0x00000000a0e00000, 0x0000000100000000)
  region size 1024K, 4 young (4096K), 4 survivors (4096K)
 Metaspace       used 39933K, committed 40320K, reserved 1114112K
  class space    used 4329K, committed 4480K, reserved 1048576K
}
Event: 12.168 GC heap before
{Heap before GC invocations=18 (full 0):
 garbage-first heap   total 101376K, used 77109K [0x00000000a0e00000, 0x0000000100000000)
  region size 1024K, 41 young (41984K), 4 survivors (4096K)
 Metaspace       used 40036K, committed 40320K, reserved 1114112K
  class space    used 4330K, committed 4480K, reserved 1048576K
}
Event: 12.191 GC heap after
{Heap after GC invocations=19 (full 0):
 garbage-first heap   total 101376K, used 53543K [0x00000000a0e00000, 0x0000000100000000)
  region size 1024K, 6 young (6144K), 6 survivors (6144K)
 Metaspace       used 40036K, committed 40320K, reserved 1114112K
  class space    used 4330K, committed 4480K, reserved 1048576K
}
Event: 13.069 GC heap before
{Heap before GC invocations=19 (full 0):
 garbage-first heap   total 101376K, used 77095K [0x00000000a0e00000, 0x0000000100000000)
  region size 1024K, 30 young (30720K), 6 survivors (6144K)
 Metaspace       used 41023K, committed 41408K, reserved 1114112K
  class space    used 4453K, committed 4608K, reserved 1048576K
}
Event: 13.079 GC heap after
{Heap after GC invocations=20 (full 0):
 garbage-first heap   total 101376K, used 55149K [0x00000000a0e00000, 0x0000000100000000)
  region size 1024K, 1 young (1024K), 1 survivors (1024K)
 Metaspace       used 41023K, committed 41408K, reserved 1114112K
  class space    used 4453K, committed 4608K, reserved 1048576K
}
Event: 14.657 GC heap before
{Heap before GC invocations=21 (full 0):
 garbage-first heap   total 101376K, used 75629K [0x00000000a0e00000, 0x0000000100000000)
  region size 1024K, 25 young (25600K), 1 survivors (1024K)
 Metaspace       used 41554K, committed 41920K, reserved 1114112K
  class space    used 4502K, committed 4672K, reserved 1048576K
}
Event: 14.662 GC heap after
{Heap after GC invocations=22 (full 0):
 garbage-first heap   total 101376K, used 52981K [0x00000000a0e00000, 0x0000000100000000)
  region size 1024K, 2 young (2048K), 2 survivors (2048K)
 Metaspace       used 41554K, committed 41920K, reserved 1114112K
  class space    used 4502K, committed 4672K, reserved 1048576K
}
Event: 14.859 GC heap before
{Heap before GC invocations=22 (full 0):
 garbage-first heap   total 101376K, used 55029K [0x00000000a0e00000, 0x0000000100000000)
  region size 1024K, 4 young (4096K), 2 survivors (2048K)
 Metaspace       used 41595K, committed 41920K, reserved 1114112K
  class space    used 4502K, committed 4672K, reserved 1048576K
}
Event: 14.868 GC heap after
{Heap after GC invocations=23 (full 0):
 garbage-first heap   total 101376K, used 47682K [0x00000000a0e00000, 0x0000000100000000)
  region size 1024K, 1 young (1024K), 1 survivors (1024K)
 Metaspace       used 41595K, committed 41920K, reserved 1114112K
  class space    used 4502K, committed 4672K, reserved 1048576K
}

